0.1  2999.99  10.0298
0.15  2999.99  10.0446
0.2  2999.99  10.0593
0.25  2999.99  10.0739
0.3  2999.99  10.0884
0.35  2999.99  10.1028
0.4  2999.99  10.1172
0.45  2999.99  10.1314
0.5  2999.99  10.1456
0.55  2999.99  10.1597
0.6  2999.99  10.1737
0.65  2999.99  10.1877
0.7  2999.99  10.2015
0.75  2999.99  10.2153
0.8  2999.99  10.229
0.85  2999.99  10.2426
0.9  2999.99  10.2561
0.95  2999.99  10.2696
1  2999.99  10.283
1.05  2999.99  10.2822
1.1  2999.99  10.2814
1.15  2999.99  10.2806
1.2  2999.99  10.2798
1.25  2999.99  10.2791
1.3  2999.99  10.2783
1.35  2999.99  10.2775
1.4  2999.99  10.2767
1.45  2999.99  10.276
1.5  2999.99  10.2752
1.55  2999.99  10.2745
1.6  2999.99  10.2737
1.65  2999.99  10.273
1.7  2999.99  10.2722
1.75  2999.99  10.2715
1.8  2999.99  10.2707
1.85  2999.99  10.27
1.9  2999.99  10.2693
1.95  2999.99  10.2686
2  2999.99  10.2678
2.05  2999.99  10.2671
2.1  2999.99  10.2664
2.15  2999.99  10.2657
2.2  2999.99  10.265
2.25  2999.99  10.2643
2.3  2999.99  10.2636
2.35  2999.99  10.2629
2.4  2999.99  10.2622
2.45  2999.99  10.2615
2.5  2999.99  10.2609
2.55  2999.99  10.2602
2.6  2999.99  10.2595
2.65  2999.99  10.2588
2.7  2999.99  10.2582
2.75  2999.99  10.2575
2.8  2999.99  10.2568
2.85  2999.99  10.2562
2.9  2999.99  10.2555
2.95  2999.99  10.2549
3  2999.99  10.2542
